Arguments: 
  C:\Program Files\nodejs\node.exe C:\Users\rukkiecodes\AppData\Roaming\npm\node_modules\yarn\bin\yarn.js

PATH: 
  C:\Users\rukkiecodes\Documents\cmder\vendor\conemu-maximus5\ConEmu\Scripts;C:\Users\rukkiecodes\Documents\cmder\vendor\conemu-maximus5;C:\Users\rukkiecodes\Documents\cmder\vendor\conemu-maximus5\ConEmu;C:\Python311\Scripts\;C:\Python311\;C:\Windows\system32;C:\Windows;C:\Windows\System32\Wbem;C:\Windows\System32\WindowsPowerShell\v1.0\;C:\Windows\System32\OpenSSH\;C:\Program Files\Git\cmd;C:\ProgramData\chocolatey\bin;C:\Program Files\nodejs\;C:\Program Files\Microsoft VS Code\bin;C:\Users\rukkiecodes\AppData\Local\Microsoft\WindowsApps;C:\Users\rukkiecodes\AppData\Roaming\npm;C:\Program Files\Git\mingw64\bin;C:\Program Files\Git\usr\bin;C:\Users\rukkiecodes\Documents\cmder\vendor\bin;

Yarn version: 
  1.22.19

Node version: 
  18.14.0

Platform: 
  win32 x64

Trace: 
  Error: connect ENETUNREACH 104.16.25.35:443
      at TCPConnectWrap.afterConnect [as oncomplete] (node:net:1494:16)

npm manifest: 
  {
    "name": "invoice",
    "version": "1.0.0",
    "main": "node_modules/expo/AppEntry.js",
    "scripts": {
      "start": "expo start",
      "android": "expo start --android",
      "ios": "expo start --ios",
      "web": "expo start --web"
    },
    "dependencies": {
      "expo": "~48.0.6",
      "expo-status-bar": "~1.4.4",
      "react": "18.2.0",
      "react-native": "0.71.3"
    },
    "devDependencies": {
      "@babel/core": "^7.20.0"
    },
    "private": true
  }

yarn manifest: 
  No manifest

Lockfile: 
  No lockfile
